Add Pin To Net: Unknown Pin: Pin H1-D0_RX0
Add Pin To Net: Unknown Pin: Pin H1-D1_TX0
Add Pin To Net: Unknown Pin: Pin H1-D2_PWM
Add Pin To Net: Unknown Pin: Pin H1-D3_PWM
Add Pin To Net: Unknown Pin: Pin H1-D5_PWM
Add Pin To Net: Unknown Pin: Pin H1-D6_PWM
Add Pin To Net: Unknown Pin: Pin H1-D7_PWM
Add Pin To Net: Unknown Pin: Pin H1-D8_PWM
Add Pin To Net: Unknown Pin: Pin H1-D9_PWM
Add Pin To Net: Unknown Pin: Pin H1-D16_TX2
Add Pin To Net: Unknown Pin: Pin H1-D17_RX2
Add Pin To Net: Unknown Pin: Pin H1-D22
Add Pin To Net: Unknown Pin: Pin H1-D23
Add Pin To Net: Unknown Pin: Pin H1-D24
Add Pin To Net: Unknown Pin: Pin H2-D10_PWM
Add Pin To Net: Unknown Pin: Pin H2-D11_PWM
Add Pin To Net: Unknown Pin: Pin H2-D12_PWM
Add Pin To Net: Unknown Pin: Pin H2-D13_PWM
Add Pin To Net: Unknown Pin: Pin H2-D42
Add Pin To Net: Unknown Pin: Pin H2-D43
Add Pin To Net: Unknown Pin: Pin H2-D44_PWM
Add Pin To Net: Unknown Pin: Pin H2-D45_PWM
Add Pin To Net: Unknown Pin: Pin H2-D46_PWM
Add Pin To Net: Unknown Pin: Pin H2-D47
Add Pin To Net: Unknown Pin: Pin H2-D48
Add Pin To Net: Unknown Pin: Pin H2-D49
Add Pin To Net: Unknown Pin: Pin H2-D50_MISO
Add Pin To Net: Unknown Pin: Pin H2-D51_MOSI
Add Pin To Net: Unknown Pin: Pin H2-D52_SCK
Add Pin To Net: Unknown Pin: Pin H2-D53_SS
Add Pin To Net: Unknown Pin: Pin H3-A0
Add Pin To Net: Unknown Pin: Pin H3-A1
Add Pin To Net: Unknown Pin: Pin H3-A2
Add Pin To Net: Unknown Pin: Pin H3-A3
Add Pin To Net: Unknown Pin: Pin H3-A4
Add Pin To Net: Unknown Pin: Pin H3-A5
Add Pin To Net: Unknown Pin: Pin H3-A6
Add Pin To Net: Unknown Pin: Pin H3-A7
Add Pin To Net: Unknown Pin: Pin H3-A8
Add Pin To Net: Unknown Pin: Pin H3-A9
Add Pin To Net: Unknown Pin: Pin H3-A10
Add Pin To Net: Unknown Pin: Pin H3-A11
Add Pin To Net: Unknown Pin: Pin H3-A12
Add Pin To Net: Unknown Pin: Pin H3-A13
Add Pin To Net: Unknown Pin: Pin H3-A14
Add Pin To Net: Unknown Pin: Pin H3-A15
Add Pin To Net: Unknown Pin: Pin H5-D14_TX3
Add Pin To Net: Unknown Pin: Pin H5-D15_RX3
Add Pin To Net: Unknown Pin: Pin H5-D30
Add Pin To Net: Unknown Pin: Pin H5-D31
Add Pin To Net: Unknown Pin: Pin H5-D32
Add Pin To Net: Unknown Pin: Pin H5-D33
Add Pin To Net: Unknown Pin: Pin H5-D34
Add Pin To Net: Unknown Pin: Pin H5-D35
Add Pin To Net: Unknown Pin: Pin H5-D36
Add Pin To Net: Unknown Pin: Pin H5-D37
