Added Component: Designator=ATMega2560(100A_M)
Add component (AddParameter): Name = "Code_JEDEC"; Value = "MS-026-AED"; VariantName = "[No Variations]"
Add component (AddParameter): Name = "ComponentLink1Description"; Value = "Manufacturer URL"; VariantName = "[No Variations]"
Add component (AddParameter): Name = "ComponentLink1URL"; Value = "http://www.atmel.com/"; VariantName = "[No Variations]"
Add component (AddParameter): Name = "ComponentLink2Description"; Value = "ATmega640/1280/1281/2560/2561 Datasheet"; VariantName = "[No Variations]"
Add component (AddParameter): Name = "ComponentLink2URL"; Value = "http://www.atmel.com/dyn/resources/prod_documents/doc2549.pdf"; VariantName = "[No Variations]"
Add component (AddParameter): Name = "ComponentLink3Description"; Value = "ATmega640/1280/1281/2560/2561 Summary"; VariantName = "[No Variations]"
Add component (AddParameter): Name = "ComponentLink3URL"; Value = "http://www.atmel.com/dyn/resources/prod_documents/2549S.pdf"; VariantName = "[No Variations]"
Add component (AddParameter): Name = "DatasheetVersion"; Value = "revN, May-2011"; VariantName = "[No Variations]"
Add component (AddParameter): Name = "PackageDescription"; Value = "100-Pin Thin Profile Plastic Quad Flat Pack (TQFP), 14 x 14 x 1.0 mm Body, 0.5 mm Pitch"; VariantName = "[No Variations]"
Add component (AddParameter): Name = "PackageReference"; Value = "100A"; VariantName = "[No Variations]"
Add component (AddParameter): Name = "PackageVersion"; Value = "revD, Oct-2010"; VariantName = "[No Variations]"
Add component (AddParameter): Name = "RevisionNote"; Value = "DatasheetVersion & PackageVersion updated. URLs added."; VariantName = "[No Variations]"
Added Component: Designator=C1(CAPC1608X90X35ML10T15)
Add component (AddParameter): Name = "Capacitance"; Value = "22pF"; VariantName = "[No Variations]"
Add component (AddParameter): Name = "Case Size/Dimension"; Value = "0603"; VariantName = "[No Variations]"
Add component (AddParameter): Name = "Datasheet URL"; Value = "https://datasheet.ciiva.com/11786/0900766b807a1cab-11786398.pdf"; VariantName = "[No Variations]"
Add component (AddParameter): Name = "Datasheet Version"; Value = "Jul-06"; VariantName = "[No Variations]"
Add component (AddParameter): Name = "Dielectric"; Value = "C0G"; VariantName = "[No Variations]"
Add component (AddParameter): Name = "Manufacturer"; Value = "Murata"; VariantName = "[No Variations]"
Add component (AddParameter): Name = "Manufacturer URL"; Value = "http://www.murata.com/"; VariantName = "[No Variations]"
Add component (AddParameter): Name = "Package Description"; Value = "2-Pin Surface Mount Device, Body 1.6 x 0.8 mm"; VariantName = "[No Variations]"
Add component (AddParameter): Name = "Package Reference"; Value = "603"; VariantName = "[No Variations]"
Add component (AddParameter): Name = "Rated Voltage"; Value = "50V"; VariantName = "[No Variations]"
Add component (AddParameter): Name = "Tolerance (%)"; Value = "±5%"; VariantName = "[No Variations]"
Added Component: Designator=C2(CAPC1608X90X35ML10T15)
Add component (AddParameter): Name = "Capacitance"; Value = "22pF"; VariantName = "[No Variations]"
Add component (AddParameter): Name = "Case Size/Dimension"; Value = "0603"; VariantName = "[No Variations]"
Add component (AddParameter): Name = "Datasheet URL"; Value = "https://datasheet.ciiva.com/11786/0900766b807a1cab-11786398.pdf"; VariantName = "[No Variations]"
Add component (AddParameter): Name = "Datasheet Version"; Value = "Jul-06"; VariantName = "[No Variations]"
Add component (AddParameter): Name = "Dielectric"; Value = "C0G"; VariantName = "[No Variations]"
Add component (AddParameter): Name = "Manufacturer"; Value = "Murata"; VariantName = "[No Variations]"
Add component (AddParameter): Name = "Manufacturer URL"; Value = "http://www.murata.com/"; VariantName = "[No Variations]"
Add component (AddParameter): Name = "Package Description"; Value = "2-Pin Surface Mount Device, Body 1.6 x 0.8 mm"; VariantName = "[No Variations]"
Add component (AddParameter): Name = "Package Reference"; Value = "603"; VariantName = "[No Variations]"
Add component (AddParameter): Name = "Rated Voltage"; Value = "50V"; VariantName = "[No Variations]"
Add component (AddParameter): Name = "Tolerance (%)"; Value = "±5%"; VariantName = "[No Variations]"
Added Component: Designator=Crystal(FP-ABLS-MFG)
Add component (AddParameter): Name = "Automotive"; Value = "No"; VariantName = "[No Variations]"
Add component (AddParameter): Name = "Category"; Value = "Crys"; VariantName = "[No Variations]"
Add component (AddParameter): Name = "ComponentLink2Description"; Value = "Datasheet"; VariantName = "[No Variations]"
Add component (AddParameter): Name = "ComponentLink2URL"; Value = "https://abracon.com/Resonators/abls.pdf"; VariantName = "[No Variations]"
Add component (AddParameter): Name = "Device Class L1"; Value = "Passive Components"; VariantName = "[No Variations]"
Add component (AddParameter): Name = "Device Class L2"; Value = "Crystals / Oscillators"; VariantName = "[No Variations]"
Add component (AddParameter): Name = "Device Class L3"; Value = "Crystals"; VariantName = "[No Variations]"
Add component (AddParameter): Name = "Digikey Description"; Value = "CRYSTAL 16.0000MHZ 18PF SMD"; VariantName = "[No Variations]"
Add component (AddParameter): Name = "Esr"; Value = "40O"; VariantName = "[No Variations]"
Add component (AddParameter): Name = "Frequency"; Value = "16MHz"; VariantName = "[No Variations]"
Add component (AddParameter): Name = "Height"; Value = "4.3mm"; VariantName = "[No Variations]"
Add component (AddParameter): Name = "Lead Free"; Value = "Yes"; VariantName = "[No Variations]"
Add component (AddParameter): Name = "Load Capacitance"; Value = "18pF"; VariantName = "[No Variations]"
Add component (AddParameter): Name = "Manufacturer"; Value = "Abracon"; VariantName = "[No Variations]"
Add component (AddParameter): Name = "Manufacturer Part Number"; Value = "ABLS-16.000MHZ-K4T"; VariantName = "[No Variations]"
Add component (AddParameter): Name = "Mouser Description"; Value = "Crystal 16MHz ±30ppm (Tol) ±50ppm (Stability) 18pF FUND 40Ohm 2-Pin HC-49/US SMD T/R"; VariantName = "[No Variations]"
Add component (AddParameter): Name = "Octopart"; Value = "https://octopart.com/abls-16.000mhz-k4t-abracon-18618626"; VariantName = "[No Variations]"
Add component (AddParameter): Name = "Package"; Value = "ABLS"; VariantName = "[No Variations]"
Add component (AddParameter): Name = "RoHS"; Value = "TRUE"; VariantName = "[No Variations]"
Add component (AddParameter): Name = "Series"; Value = "ABLS"; VariantName = "[No Variations]"
Add component (AddParameter): Name = "Stability"; Value = "50ppm"; VariantName = "[No Variations]"
Add component (AddParameter): Name = "Standoff Height"; Value = "0mm"; VariantName = "[No Variations]"
Add component (AddParameter): Name = "Temperature"; Value = "-40°C to +125°C"; VariantName = "[No Variations]"
Add component (AddParameter): Name = "Temperature Range High"; Value = "+125°C"; VariantName = "[No Variations]"
Add component (AddParameter): Name = "Temperature Range Low"; Value = "-40°C"; VariantName = "[No Variations]"
Add component (AddParameter): Name = "Tolerance"; Value = "30ppm"; VariantName = "[No Variations]"
Added Component: Designator=H1(61301621121)
Add component (AddParameter): Name = "Color"; Value = "Black"; VariantName = "[No Variations]"
Add component (AddParameter): Name = "Connector Type"; Value = "Male Pin"; VariantName = "[No Variations]"
Add component (AddParameter): Name = "Contact Material"; Value = "Copper"; VariantName = "[No Variations]"
Add component (AddParameter): Name = "Contact Mating Length"; Value = "5.9944mm"; VariantName = "[No Variations]"
Add component (AddParameter): Name = "Contact Plating"; Value = "Gold"; VariantName = "[No Variations]"
Add component (AddParameter): Name = "Contact Resistance"; Value = "20mO"; VariantName = "[No Variations]"
Add component (AddParameter): Name = "Current Rating"; Value = "3A"; VariantName = "[No Variations]"
Add component (AddParameter): Name = "Gender"; Value = "Male"; VariantName = "[No Variations]"
Add component (AddParameter): Name = "Height"; Value = "8.89mm"; VariantName = "[No Variations]"
Add component (AddParameter): Name = "Lead Pitch"; Value = "2.54mm"; VariantName = "[No Variations]"
Add component (AddParameter): Name = "Max Operating Temperature"; Value = "105°C"; VariantName = "[No Variations]"
Add component (AddParameter): Name = "Min Operating Temperature"; Value = "-40°C"; VariantName = "[No Variations]"
Add component (AddParameter): Name = "Mount"; Value = "Through Hole"; VariantName = "[No Variations]"
Add component (AddParameter): Name = "NexarPartId"; Value = "32855550"; VariantName = "[No Variations]"
Add component (AddParameter): Name = "Number of Contacts"; Value = "16"; VariantName = "[No Variations]"
Add component (AddParameter): Name = "Number of Pins"; Value = "16"; VariantName = "[No Variations]"
Add component (AddParameter): Name = "Number of Positions"; Value = "16"; VariantName = "[No Variations]"
Add component (AddParameter): Name = "Number of Rows"; Value = "2"; VariantName = "[No Variations]"
Add component (AddParameter): Name = "Operating Supply Voltage"; Value = "250V"; VariantName = "[No Variations]"
Add component (AddParameter): Name = "Orientation"; Value = "Vertical"; VariantName = "[No Variations]"
Add component (AddParameter): Name = "Packaging"; Value = "Bulk"; VariantName = "[No Variations]"
Add component (AddParameter): Name = "Pitch"; Value = "2.54mm"; VariantName = "[No Variations]"
Add component (AddParameter): Name = "REACH SVHC"; Value = "Unknown"; VariantName = "[No Variations]"
Add component (AddParameter): Name = "RoHS"; Value = "Compliant"; VariantName = "[No Variations]"
Add component (AddParameter): Name = "Row Spacing"; Value = "2.54mm"; VariantName = "[No Variations]"
Add component (AddParameter): Name = "Termination"; Value = "Solder"; VariantName = "[No Variations]"
Add component (AddParameter): Name = "Voltage Rating"; Value = "250V"; VariantName = "[No Variations]"
Added Component: Designator=H2(61301621121)
Add component (AddParameter): Name = "Color"; Value = "Black"; VariantName = "[No Variations]"
Add component (AddParameter): Name = "Connector Type"; Value = "Male Pin"; VariantName = "[No Variations]"
Add component (AddParameter): Name = "Contact Material"; Value = "Copper"; VariantName = "[No Variations]"
Add component (AddParameter): Name = "Contact Mating Length"; Value = "5.9944mm"; VariantName = "[No Variations]"
Add component (AddParameter): Name = "Contact Plating"; Value = "Gold"; VariantName = "[No Variations]"
Add component (AddParameter): Name = "Contact Resistance"; Value = "20mO"; VariantName = "[No Variations]"
Add component (AddParameter): Name = "Current Rating"; Value = "3A"; VariantName = "[No Variations]"
Add component (AddParameter): Name = "Gender"; Value = "Male"; VariantName = "[No Variations]"
Add component (AddParameter): Name = "Height"; Value = "8.89mm"; VariantName = "[No Variations]"
Add component (AddParameter): Name = "Lead Pitch"; Value = "2.54mm"; VariantName = "[No Variations]"
Add component (AddParameter): Name = "Max Operating Temperature"; Value = "105°C"; VariantName = "[No Variations]"
Add component (AddParameter): Name = "Min Operating Temperature"; Value = "-40°C"; VariantName = "[No Variations]"
Add component (AddParameter): Name = "Mount"; Value = "Through Hole"; VariantName = "[No Variations]"
Add component (AddParameter): Name = "NexarPartId"; Value = "32855550"; VariantName = "[No Variations]"
Add component (AddParameter): Name = "Number of Contacts"; Value = "16"; VariantName = "[No Variations]"
Add component (AddParameter): Name = "Number of Pins"; Value = "16"; VariantName = "[No Variations]"
Add component (AddParameter): Name = "Number of Positions"; Value = "16"; VariantName = "[No Variations]"
Add component (AddParameter): Name = "Number of Rows"; Value = "2"; VariantName = "[No Variations]"
Add component (AddParameter): Name = "Operating Supply Voltage"; Value = "250V"; VariantName = "[No Variations]"
Add component (AddParameter): Name = "Orientation"; Value = "Vertical"; VariantName = "[No Variations]"
Add component (AddParameter): Name = "Packaging"; Value = "Bulk"; VariantName = "[No Variations]"
Add component (AddParameter): Name = "Pitch"; Value = "2.54mm"; VariantName = "[No Variations]"
Add component (AddParameter): Name = "REACH SVHC"; Value = "Unknown"; VariantName = "[No Variations]"
Add component (AddParameter): Name = "RoHS"; Value = "Compliant"; VariantName = "[No Variations]"
Add component (AddParameter): Name = "Row Spacing"; Value = "2.54mm"; VariantName = "[No Variations]"
Add component (AddParameter): Name = "Termination"; Value = "Solder"; VariantName = "[No Variations]"
Add component (AddParameter): Name = "Voltage Rating"; Value = "250V"; VariantName = "[No Variations]"
Added Component: Designator=H3(61301621121)
Add component (AddParameter): Name = "Color"; Value = "Black"; VariantName = "[No Variations]"
Add component (AddParameter): Name = "Connector Type"; Value = "Male Pin"; VariantName = "[No Variations]"
Add component (AddParameter): Name = "Contact Material"; Value = "Copper"; VariantName = "[No Variations]"
Add component (AddParameter): Name = "Contact Mating Length"; Value = "5.9944mm"; VariantName = "[No Variations]"
Add component (AddParameter): Name = "Contact Plating"; Value = "Gold"; VariantName = "[No Variations]"
Add component (AddParameter): Name = "Contact Resistance"; Value = "20mO"; VariantName = "[No Variations]"
Add component (AddParameter): Name = "Current Rating"; Value = "3A"; VariantName = "[No Variations]"
Add component (AddParameter): Name = "Gender"; Value = "Male"; VariantName = "[No Variations]"
Add component (AddParameter): Name = "Height"; Value = "8.89mm"; VariantName = "[No Variations]"
Add component (AddParameter): Name = "Lead Pitch"; Value = "2.54mm"; VariantName = "[No Variations]"
Add component (AddParameter): Name = "Max Operating Temperature"; Value = "105°C"; VariantName = "[No Variations]"
Add component (AddParameter): Name = "Min Operating Temperature"; Value = "-40°C"; VariantName = "[No Variations]"
Add component (AddParameter): Name = "Mount"; Value = "Through Hole"; VariantName = "[No Variations]"
Add component (AddParameter): Name = "NexarPartId"; Value = "32855550"; VariantName = "[No Variations]"
Add component (AddParameter): Name = "Number of Contacts"; Value = "16"; VariantName = "[No Variations]"
Add component (AddParameter): Name = "Number of Pins"; Value = "16"; VariantName = "[No Variations]"
Add component (AddParameter): Name = "Number of Positions"; Value = "16"; VariantName = "[No Variations]"
Add component (AddParameter): Name = "Number of Rows"; Value = "2"; VariantName = "[No Variations]"
Add component (AddParameter): Name = "Operating Supply Voltage"; Value = "250V"; VariantName = "[No Variations]"
Add component (AddParameter): Name = "Orientation"; Value = "Vertical"; VariantName = "[No Variations]"
Add component (AddParameter): Name = "Packaging"; Value = "Bulk"; VariantName = "[No Variations]"
Add component (AddParameter): Name = "Pitch"; Value = "2.54mm"; VariantName = "[No Variations]"
Add component (AddParameter): Name = "REACH SVHC"; Value = "Unknown"; VariantName = "[No Variations]"
Add component (AddParameter): Name = "RoHS"; Value = "Compliant"; VariantName = "[No Variations]"
Add component (AddParameter): Name = "Row Spacing"; Value = "2.54mm"; VariantName = "[No Variations]"
Add component (AddParameter): Name = "Termination"; Value = "Solder"; VariantName = "[No Variations]"
Add component (AddParameter): Name = "Voltage Rating"; Value = "250V"; VariantName = "[No Variations]"
Added Component: Designator=H4(61301621121)
Add component (AddParameter): Name = "Color"; Value = "Black"; VariantName = "[No Variations]"
Add component (AddParameter): Name = "Connector Type"; Value = "Male Pin"; VariantName = "[No Variations]"
Add component (AddParameter): Name = "Contact Material"; Value = "Copper"; VariantName = "[No Variations]"
Add component (AddParameter): Name = "Contact Mating Length"; Value = "5.9944mm"; VariantName = "[No Variations]"
Add component (AddParameter): Name = "Contact Plating"; Value = "Gold"; VariantName = "[No Variations]"
Add component (AddParameter): Name = "Contact Resistance"; Value = "20mO"; VariantName = "[No Variations]"
Add component (AddParameter): Name = "Current Rating"; Value = "3A"; VariantName = "[No Variations]"
Add component (AddParameter): Name = "Gender"; Value = "Male"; VariantName = "[No Variations]"
Add component (AddParameter): Name = "Height"; Value = "8.89mm"; VariantName = "[No Variations]"
Add component (AddParameter): Name = "Lead Pitch"; Value = "2.54mm"; VariantName = "[No Variations]"
Add component (AddParameter): Name = "Max Operating Temperature"; Value = "105°C"; VariantName = "[No Variations]"
Add component (AddParameter): Name = "Min Operating Temperature"; Value = "-40°C"; VariantName = "[No Variations]"
Add component (AddParameter): Name = "Mount"; Value = "Through Hole"; VariantName = "[No Variations]"
Add component (AddParameter): Name = "NexarPartId"; Value = "32855550"; VariantName = "[No Variations]"
Add component (AddParameter): Name = "Number of Contacts"; Value = "16"; VariantName = "[No Variations]"
Add component (AddParameter): Name = "Number of Pins"; Value = "16"; VariantName = "[No Variations]"
Add component (AddParameter): Name = "Number of Positions"; Value = "16"; VariantName = "[No Variations]"
Add component (AddParameter): Name = "Number of Rows"; Value = "2"; VariantName = "[No Variations]"
Add component (AddParameter): Name = "Operating Supply Voltage"; Value = "250V"; VariantName = "[No Variations]"
Add component (AddParameter): Name = "Orientation"; Value = "Vertical"; VariantName = "[No Variations]"
Add component (AddParameter): Name = "Packaging"; Value = "Bulk"; VariantName = "[No Variations]"
Add component (AddParameter): Name = "Pitch"; Value = "2.54mm"; VariantName = "[No Variations]"
Add component (AddParameter): Name = "REACH SVHC"; Value = "Unknown"; VariantName = "[No Variations]"
Add component (AddParameter): Name = "RoHS"; Value = "Compliant"; VariantName = "[No Variations]"
Add component (AddParameter): Name = "Row Spacing"; Value = "2.54mm"; VariantName = "[No Variations]"
Add component (AddParameter): Name = "Termination"; Value = "Solder"; VariantName = "[No Variations]"
Add component (AddParameter): Name = "Voltage Rating"; Value = "250V"; VariantName = "[No Variations]"
Added Component: Designator=H5(61301621121)
Add component (AddParameter): Name = "Color"; Value = "Black"; VariantName = "[No Variations]"
Add component (AddParameter): Name = "Connector Type"; Value = "Male Pin"; VariantName = "[No Variations]"
Add component (AddParameter): Name = "Contact Material"; Value = "Copper"; VariantName = "[No Variations]"
Add component (AddParameter): Name = "Contact Mating Length"; Value = "5.9944mm"; VariantName = "[No Variations]"
Add component (AddParameter): Name = "Contact Plating"; Value = "Gold"; VariantName = "[No Variations]"
Add component (AddParameter): Name = "Contact Resistance"; Value = "20mO"; VariantName = "[No Variations]"
Add component (AddParameter): Name = "Current Rating"; Value = "3A"; VariantName = "[No Variations]"
Add component (AddParameter): Name = "Gender"; Value = "Male"; VariantName = "[No Variations]"
Add component (AddParameter): Name = "Height"; Value = "8.89mm"; VariantName = "[No Variations]"
Add component (AddParameter): Name = "Lead Pitch"; Value = "2.54mm"; VariantName = "[No Variations]"
Add component (AddParameter): Name = "Max Operating Temperature"; Value = "105°C"; VariantName = "[No Variations]"
Add component (AddParameter): Name = "Min Operating Temperature"; Value = "-40°C"; VariantName = "[No Variations]"
Add component (AddParameter): Name = "Mount"; Value = "Through Hole"; VariantName = "[No Variations]"
Add component (AddParameter): Name = "NexarPartId"; Value = "32855550"; VariantName = "[No Variations]"
Add component (AddParameter): Name = "Number of Contacts"; Value = "16"; VariantName = "[No Variations]"
Add component (AddParameter): Name = "Number of Pins"; Value = "16"; VariantName = "[No Variations]"
Add component (AddParameter): Name = "Number of Positions"; Value = "16"; VariantName = "[No Variations]"
Add component (AddParameter): Name = "Number of Rows"; Value = "2"; VariantName = "[No Variations]"
Add component (AddParameter): Name = "Operating Supply Voltage"; Value = "250V"; VariantName = "[No Variations]"
Add component (AddParameter): Name = "Orientation"; Value = "Vertical"; VariantName = "[No Variations]"
Add component (AddParameter): Name = "Packaging"; Value = "Bulk"; VariantName = "[No Variations]"
Add component (AddParameter): Name = "Pitch"; Value = "2.54mm"; VariantName = "[No Variations]"
Add component (AddParameter): Name = "REACH SVHC"; Value = "Unknown"; VariantName = "[No Variations]"
Add component (AddParameter): Name = "RoHS"; Value = "Compliant"; VariantName = "[No Variations]"
Add component (AddParameter): Name = "Row Spacing"; Value = "2.54mm"; VariantName = "[No Variations]"
Add component (AddParameter): Name = "Termination"; Value = "Solder"; VariantName = "[No Variations]"
Add component (AddParameter): Name = "Voltage Rating"; Value = "250V"; VariantName = "[No Variations]"
Added Component: Designator=Power(FP-TSW-102-07-G-S-MFG)
Add component (AddParameter): Name = "Automotive"; Value = "No"; VariantName = "[No Variations]"
Add component (AddParameter): Name = "Category"; Value = "Conn"; VariantName = "[No Variations]"
Add component (AddParameter): Name = "ComponentLink2Description"; Value = "Datasheet"; VariantName = "[No Variations]"
Add component (AddParameter): Name = "ComponentLink2URL"; Value = "http://suddendocs.samtec.com/catalog_english/tsw_th.pdf"; VariantName = "[No Variations]"
Add component (AddParameter): Name = "Conn Gender"; Value = "Male"; VariantName = "[No Variations]"
Add component (AddParameter): Name = "Conn Orientation"; Value = "Straight"; VariantName = "[No Variations]"
Add component (AddParameter): Name = "Contact Material"; Value = "Gold,Nickel"; VariantName = "[No Variations]"
Add component (AddParameter): Name = "Current Rating"; Value = "6.3A"; VariantName = "[No Variations]"
Add component (AddParameter): Name = "Device Class L1"; Value = "Connectors"; VariantName = "[No Variations]"
Add component (AddParameter): Name = "Device Class L2"; Value = "Headers and Wire Housings"; VariantName = "[No Variations]"
Add component (AddParameter): Name = "Device Class L3"; Value = "unset"; VariantName = "[No Variations]"
Add component (AddParameter): Name = "Digikey Description"; Value = "CONN HEADER VERT 2POS 2.54MM"; VariantName = "[No Variations]"
Add component (AddParameter): Name = "Footprint Url"; Value = "http://suddendocs.samtec.com/prints/tsw-xxx-xx-x-x-xx-xxx-footprint.pdf"; VariantName = "[No Variations]"
Add component (AddParameter): Name = "Height"; Value = "8.71mm"; VariantName = "[No Variations]"
Add component (AddParameter): Name = "Lead Free"; Value = "Yes"; VariantName = "[No Variations]"
Add component (AddParameter): Name = "Manufacturer"; Value = "Samtec"; VariantName = "[No Variations]"
Add component (AddParameter): Name = "Manufacturer Part Number"; Value = "TSW-102-07-G-S"; VariantName = "[No Variations]"
Add component (AddParameter): Name = "Mouser Description"; Value = "Conn Unshrouded Header HDR 2 POS 2.54mm Solder ST Thru-Hole Automotive Bulk"; VariantName = "[No Variations]"
Add component (AddParameter): Name = "Number Of Contacts"; Value = "2"; VariantName = "[No Variations]"
Add component (AddParameter): Name = "Number Of Rows"; Value = "1"; VariantName = "[No Variations]"
Add component (AddParameter): Name = "Octopart"; Value = "https://octopart.com/tsw-102-07-g-s-samtec-272197"; VariantName = "[No Variations]"
Add component (AddParameter): Name = "Package"; Value = "TSW-102-07-G-S"; VariantName = "[No Variations]"
Add component (AddParameter): Name = "Pitch"; Value = "2.54mm"; VariantName = "[No Variations]"
Add component (AddParameter): Name = "RoHS"; Value = "TRUE"; VariantName = "[No Variations]"
Add component (AddParameter): Name = "Temperature"; Value = "-55°C to +125°C"; VariantName = "[No Variations]"
Add component (AddParameter): Name = "Temperature Range High"; Value = "+125°C"; VariantName = "[No Variations]"
Add component (AddParameter): Name = "Temperature Range Low"; Value = "-55°C"; VariantName = "[No Variations]"
Add component (AddParameter): Name = "Voltage Rating"; Value = "550V"; VariantName = "[No Variations]"
Added Component: Designator=R1(RESC1608X55X25ML10T15)
Add component (AddParameter): Name = "Case Code - in"; Value = "0603"; VariantName = "[No Variations]"
Add component (AddParameter): Name = "Case Code - mm"; Value = "1608"; VariantName = "[No Variations]"
Add component (AddParameter): Name = "Datasheet URL"; Value = "http://www.farnell.com/datasheets/443971.pdf"; VariantName = "[No Variations]"
Add component (AddParameter): Name = "Datasheet Version"; Value = "Rev. 4, 04/2009"; VariantName = "[No Variations]"
Add component (AddParameter): Name = "Manufacturer"; Value = "Yageo"; VariantName = "[No Variations]"
Add component (AddParameter): Name = "Manufacturer URL"; Value = "http://www.yageo.com/"; VariantName = "[No Variations]"
Add component (AddParameter): Name = "Operating Temperature Range"; Value = "-55Cto+155C"; VariantName = "[No Variations]"
Add component (AddParameter): Name = "Package Description"; Value = "2-Pin Surface Mount Device, Body 1.6 x 0.8 mm"; VariantName = "[No Variations]"
Add component (AddParameter): Name = "Package Reference"; Value = "603"; VariantName = "[No Variations]"
Add component (AddParameter): Name = "Packaging"; Value = "Reel"; VariantName = "[No Variations]"
Add component (AddParameter): Name = "Power Rating"; Value = "100mW"; VariantName = "[No Variations]"
Add component (AddParameter): Name = "Product"; Value = "ThickFilmResistorsGeneralPurpose"; VariantName = "[No Variations]"
Add component (AddParameter): Name = "Resistance"; Value = "10kOhms"; VariantName = "[No Variations]"
Add component (AddParameter): Name = "Series"; Value = "RC"; VariantName = "[No Variations]"
Add component (AddParameter): Name = "Temperature Coefficient"; Value = "100PPM/C"; VariantName = "[No Variations]"
Add component (AddParameter): Name = "Termination Style"; Value = "SMD/SMT"; VariantName = "[No Variations]"
Add component (AddParameter): Name = "Tolerance"; Value = "5%"; VariantName = "[No Variations]"
Add component (AddParameter): Name = "Voltage Rating"; Value = "50V"; VariantName = "[No Variations]"
Added Pin To Net: NetName=GND Pin=ATMega2560-11
Added Pin To Net: NetName=GND Pin=ATMega2560-32
Added Pin To Net: NetName=GND Pin=ATMega2560-62
Added Pin To Net: NetName=GND Pin=ATMega2560-81
Added Pin To Net: NetName=GND Pin=ATMega2560-99
Added Pin To Net: NetName=GND Pin=C1-1
Added Pin To Net: NetName=GND Pin=C2-1
Added Pin To Net: NetName=GND Pin=Power-1
Added Net: Name=GND
Added Pin To Net: NetName=NetATMega2560_1 Pin=ATMega2560-1
Added Pin To Net: NetName=NetATMega2560_1 Pin=H4-1
Added Net: Name=NetATMega2560_1
Added Pin To Net: NetName=NetATMega2560_2 Pin=ATMega2560-2
Added Pin To Net: NetName=NetATMega2560_2 Pin=H1-2
Added Net: Name=NetATMega2560_2
Added Pin To Net: NetName=NetATMega2560_3 Pin=ATMega2560-3
Added Pin To Net: NetName=NetATMega2560_3 Pin=H1-4
Added Net: Name=NetATMega2560_3
Added Pin To Net: NetName=NetATMega2560_5 Pin=ATMega2560-5
Added Pin To Net: NetName=NetATMega2560_5 Pin=H1-8
Added Net: Name=NetATMega2560_5
Added Pin To Net: NetName=NetATMega2560_6 Pin=ATMega2560-6
Added Pin To Net: NetName=NetATMega2560_6 Pin=H1-10
Added Net: Name=NetATMega2560_6
Added Pin To Net: NetName=NetATMega2560_7 Pin=ATMega2560-7
Added Pin To Net: NetName=NetATMega2560_7 Pin=H1-12
Added Net: Name=NetATMega2560_7
Added Pin To Net: NetName=NetATMega2560_10 Pin=ATMega2560-10
Added Pin To Net: NetName=NetATMega2560_10 Pin=ATMega2560-31
Added Pin To Net: NetName=NetATMega2560_10 Pin=ATMega2560-61
Added Pin To Net: NetName=NetATMega2560_10 Pin=ATMega2560-80
Added Pin To Net: NetName=NetATMega2560_10 Pin=Power-2
Added Pin To Net: NetName=NetATMega2560_10 Pin=R1-2
Added Net: Name=NetATMega2560_10
Added Pin To Net: NetName=NetATMega2560_12 Pin=ATMega2560-12
Added Pin To Net: NetName=NetATMega2560_12 Pin=H1-1
Added Net: Name=NetATMega2560_12
Added Pin To Net: NetName=NetATMega2560_13 Pin=ATMega2560-13
Added Pin To Net: NetName=NetATMega2560_13 Pin=H1-3
Added Net: Name=NetATMega2560_13
Added Pin To Net: NetName=NetATMega2560_15 Pin=ATMega2560-15
Added Pin To Net: NetName=NetATMega2560_15 Pin=H1-7
Added Net: Name=NetATMega2560_15
Added Pin To Net: NetName=NetATMega2560_16 Pin=ATMega2560-16
Added Pin To Net: NetName=NetATMega2560_16 Pin=H1-9
Added Net: Name=NetATMega2560_16
Added Pin To Net: NetName=NetATMega2560_17 Pin=ATMega2560-17
Added Pin To Net: NetName=NetATMega2560_17 Pin=H1-11
Added Net: Name=NetATMega2560_17
Added Pin To Net: NetName=NetATMega2560_18 Pin=ATMega2560-18
Added Pin To Net: NetName=NetATMega2560_18 Pin=H1-13
Added Net: Name=NetATMega2560_18
Added Pin To Net: NetName=NetATMega2560_19 Pin=ATMega2560-19
Added Pin To Net: NetName=NetATMega2560_19 Pin=H2-2
Added Net: Name=NetATMega2560_19
Added Pin To Net: NetName=NetATMega2560_20 Pin=ATMega2560-20
Added Pin To Net: NetName=NetATMega2560_20 Pin=H2-4
Added Net: Name=NetATMega2560_20
Added Pin To Net: NetName=NetATMega2560_21 Pin=ATMega2560-21
Added Pin To Net: NetName=NetATMega2560_21 Pin=H2-6
Added Net: Name=NetATMega2560_21
Added Pin To Net: NetName=NetATMega2560_22 Pin=ATMega2560-22
Added Pin To Net: NetName=NetATMega2560_22 Pin=H2-8
Added Net: Name=NetATMega2560_22
Added Pin To Net: NetName=NetATMega2560_23 Pin=ATMega2560-23
Added Pin To Net: NetName=NetATMega2560_23 Pin=H2-10
Added Net: Name=NetATMega2560_23
Added Pin To Net: NetName=NetATMega2560_24 Pin=ATMega2560-24
Added Pin To Net: NetName=NetATMega2560_24 Pin=H2-12
Added Net: Name=NetATMega2560_24
Added Pin To Net: NetName=NetATMega2560_25 Pin=ATMega2560-25
Added Pin To Net: NetName=NetATMega2560_25 Pin=H2-14
Added Net: Name=NetATMega2560_25
Added Pin To Net: NetName=NetATMega2560_26 Pin=ATMega2560-26
Added Pin To Net: NetName=NetATMega2560_26 Pin=H2-16
Added Net: Name=NetATMega2560_26
Added Pin To Net: NetName=NetATMega2560_30 Pin=ATMega2560-30
Added Pin To Net: NetName=NetATMega2560_30 Pin=R1-1
Added Net: Name=NetATMega2560_30
Added Pin To Net: NetName=NetATMega2560_33 Pin=ATMega2560-33
Added Pin To Net: NetName=NetATMega2560_33 Pin=C2-2
Added Pin To Net: NetName=NetATMega2560_33 Pin=Crystal-1
Added Net: Name=NetATMega2560_33
Added Pin To Net: NetName=NetATMega2560_34 Pin=ATMega2560-34
Added Pin To Net: NetName=NetATMega2560_34 Pin=C1-2
Added Pin To Net: NetName=NetATMega2560_34 Pin=Crystal-2
Added Net: Name=NetATMega2560_34
Added Pin To Net: NetName=NetATMega2560_35 Pin=ATMega2560-35
Added Pin To Net: NetName=NetATMega2560_35 Pin=H2-1
Added Net: Name=NetATMega2560_35
Added Pin To Net: NetName=NetATMega2560_36 Pin=ATMega2560-36
Added Pin To Net: NetName=NetATMega2560_36 Pin=H2-3
Added Net: Name=NetATMega2560_36
Added Pin To Net: NetName=NetATMega2560_37 Pin=ATMega2560-37
Added Pin To Net: NetName=NetATMega2560_37 Pin=H2-5
Added Net: Name=NetATMega2560_37
Added Pin To Net: NetName=NetATMega2560_38 Pin=ATMega2560-38
Added Pin To Net: NetName=NetATMega2560_38 Pin=H2-7
Added Net: Name=NetATMega2560_38
Added Pin To Net: NetName=NetATMega2560_39 Pin=ATMega2560-39
Added Pin To Net: NetName=NetATMega2560_39 Pin=H2-9
Added Net: Name=NetATMega2560_39
Added Pin To Net: NetName=NetATMega2560_40 Pin=ATMega2560-40
Added Pin To Net: NetName=NetATMega2560_40 Pin=H2-11
Added Net: Name=NetATMega2560_40
Added Pin To Net: NetName=NetATMega2560_41 Pin=ATMega2560-41
Added Pin To Net: NetName=NetATMega2560_41 Pin=H2-13
Added Net: Name=NetATMega2560_41
Added Pin To Net: NetName=NetATMega2560_42 Pin=ATMega2560-42
Added Pin To Net: NetName=NetATMega2560_42 Pin=H2-15
Added Net: Name=NetATMega2560_42
Added Pin To Net: NetName=NetATMega2560_43 Pin=ATMega2560-43
Added Pin To Net: NetName=NetATMega2560_43 Pin=H4-2
Added Net: Name=NetATMega2560_43
Added Pin To Net: NetName=NetATMega2560_44 Pin=ATMega2560-44
Added Pin To Net: NetName=NetATMega2560_44 Pin=H4-4
Added Net: Name=NetATMega2560_44
Added Pin To Net: NetName=NetATMega2560_45 Pin=ATMega2560-45
Added Pin To Net: NetName=NetATMega2560_45 Pin=H4-6
Added Net: Name=NetATMega2560_45
Added Pin To Net: NetName=NetATMega2560_46 Pin=ATMega2560-46
Added Pin To Net: NetName=NetATMega2560_46 Pin=H4-8
Added Net: Name=NetATMega2560_46
Added Pin To Net: NetName=NetATMega2560_50 Pin=ATMega2560-50
Added Pin To Net: NetName=NetATMega2560_50 Pin=H4-16
Added Net: Name=NetATMega2560_50
Added Pin To Net: NetName=NetATMega2560_51 Pin=ATMega2560-51
Added Pin To Net: NetName=NetATMega2560_51 Pin=H4-11
Added Net: Name=NetATMega2560_51
Added Pin To Net: NetName=NetATMega2560_52 Pin=ATMega2560-52
Added Pin To Net: NetName=NetATMega2560_52 Pin=H4-9
Added Net: Name=NetATMega2560_52
Added Pin To Net: NetName=NetATMega2560_53 Pin=ATMega2560-53
Added Pin To Net: NetName=NetATMega2560_53 Pin=H5-6
Added Net: Name=NetATMega2560_53
Added Pin To Net: NetName=NetATMega2560_54 Pin=ATMega2560-54
Added Pin To Net: NetName=NetATMega2560_54 Pin=H5-4
Added Net: Name=NetATMega2560_54
Added Pin To Net: NetName=NetATMega2560_55 Pin=ATMega2560-55
Added Pin To Net: NetName=NetATMega2560_55 Pin=H5-2
Added Net: Name=NetATMega2560_55
Added Pin To Net: NetName=NetATMega2560_56 Pin=ATMega2560-56
Added Pin To Net: NetName=NetATMega2560_56 Pin=H5-15
Added Net: Name=NetATMega2560_56
Added Pin To Net: NetName=NetATMega2560_57 Pin=ATMega2560-57
Added Pin To Net: NetName=NetATMega2560_57 Pin=H5-13
Added Net: Name=NetATMega2560_57
Added Pin To Net: NetName=NetATMega2560_58 Pin=ATMega2560-58
Added Pin To Net: NetName=NetATMega2560_58 Pin=H5-11
Added Net: Name=NetATMega2560_58
Added Pin To Net: NetName=NetATMega2560_59 Pin=ATMega2560-59
Added Pin To Net: NetName=NetATMega2560_59 Pin=H5-9
Added Net: Name=NetATMega2560_59
Added Pin To Net: NetName=NetATMega2560_60 Pin=ATMega2560-60
Added Pin To Net: NetName=NetATMega2560_60 Pin=H5-7
Added Net: Name=NetATMega2560_60
Added Pin To Net: NetName=NetATMega2560_63 Pin=ATMega2560-63
Added Pin To Net: NetName=NetATMega2560_63 Pin=H5-5
Added Net: Name=NetATMega2560_63
Added Pin To Net: NetName=NetATMega2560_64 Pin=ATMega2560-64
Added Pin To Net: NetName=NetATMega2560_64 Pin=H5-3
Added Net: Name=NetATMega2560_64
Added Pin To Net: NetName=NetATMega2560_70 Pin=ATMega2560-70
Added Pin To Net: NetName=NetATMega2560_70 Pin=H4-7
Added Net: Name=NetATMega2560_70
Added Pin To Net: NetName=NetATMega2560_71 Pin=ATMega2560-71
Added Pin To Net: NetName=NetATMega2560_71 Pin=H4-14
Added Net: Name=NetATMega2560_71
Added Pin To Net: NetName=NetATMega2560_72 Pin=ATMega2560-72
Added Pin To Net: NetName=NetATMega2560_72 Pin=H4-12
Added Net: Name=NetATMega2560_72
Added Pin To Net: NetName=NetATMega2560_73 Pin=ATMega2560-73
Added Pin To Net: NetName=NetATMega2560_73 Pin=H4-10
Added Net: Name=NetATMega2560_73
Added Pin To Net: NetName=NetATMega2560_74 Pin=ATMega2560-74
Added Pin To Net: NetName=NetATMega2560_74 Pin=H4-5
Added Net: Name=NetATMega2560_74
Added Pin To Net: NetName=NetATMega2560_75 Pin=ATMega2560-75
Added Pin To Net: NetName=NetATMega2560_75 Pin=H4-3
Added Net: Name=NetATMega2560_75
Added Pin To Net: NetName=NetATMega2560_76 Pin=ATMega2560-76
Added Pin To Net: NetName=NetATMega2560_76 Pin=H1-16
Added Net: Name=NetATMega2560_76
Added Pin To Net: NetName=NetATMega2560_77 Pin=ATMega2560-77
Added Pin To Net: NetName=NetATMega2560_77 Pin=H1-15
Added Net: Name=NetATMega2560_77
Added Pin To Net: NetName=NetATMega2560_78 Pin=ATMega2560-78
Added Pin To Net: NetName=NetATMega2560_78 Pin=H1-14
Added Net: Name=NetATMega2560_78
Added Pin To Net: NetName=NetATMega2560_82 Pin=ATMega2560-82
Added Pin To Net: NetName=NetATMega2560_82 Pin=H3-16
Added Net: Name=NetATMega2560_82
Added Pin To Net: NetName=NetATMega2560_83 Pin=ATMega2560-83
Added Pin To Net: NetName=NetATMega2560_83 Pin=H3-14
Added Net: Name=NetATMega2560_83
Added Pin To Net: NetName=NetATMega2560_84 Pin=ATMega2560-84
Added Pin To Net: NetName=NetATMega2560_84 Pin=H3-12
Added Net: Name=NetATMega2560_84
Added Pin To Net: NetName=NetATMega2560_85 Pin=ATMega2560-85
Added Pin To Net: NetName=NetATMega2560_85 Pin=H3-10
Added Net: Name=NetATMega2560_85
Added Pin To Net: NetName=NetATMega2560_86 Pin=ATMega2560-86
Added Pin To Net: NetName=NetATMega2560_86 Pin=H3-8
Added Net: Name=NetATMega2560_86
Added Pin To Net: NetName=NetATMega2560_87 Pin=ATMega2560-87
Added Pin To Net: NetName=NetATMega2560_87 Pin=H3-6
Added Net: Name=NetATMega2560_87
Added Pin To Net: NetName=NetATMega2560_88 Pin=ATMega2560-88
Added Pin To Net: NetName=NetATMega2560_88 Pin=H3-4
Added Net: Name=NetATMega2560_88
Added Pin To Net: NetName=NetATMega2560_89 Pin=ATMega2560-89
Added Pin To Net: NetName=NetATMega2560_89 Pin=H3-2
Added Net: Name=NetATMega2560_89
Added Pin To Net: NetName=NetATMega2560_90 Pin=ATMega2560-90
Added Pin To Net: NetName=NetATMega2560_90 Pin=H3-15
Added Net: Name=NetATMega2560_90
Added Pin To Net: NetName=NetATMega2560_91 Pin=ATMega2560-91
Added Pin To Net: NetName=NetATMega2560_91 Pin=H3-13
Added Net: Name=NetATMega2560_91
Added Pin To Net: NetName=NetATMega2560_92 Pin=ATMega2560-92
Added Pin To Net: NetName=NetATMega2560_92 Pin=H3-11
Added Net: Name=NetATMega2560_92
Added Pin To Net: NetName=NetATMega2560_93 Pin=ATMega2560-93
Added Pin To Net: NetName=NetATMega2560_93 Pin=H3-9
Added Net: Name=NetATMega2560_93
Added Pin To Net: NetName=NetATMega2560_94 Pin=ATMega2560-94
Added Pin To Net: NetName=NetATMega2560_94 Pin=H3-7
Added Net: Name=NetATMega2560_94
Added Pin To Net: NetName=NetATMega2560_95 Pin=ATMega2560-95
Added Pin To Net: NetName=NetATMega2560_95 Pin=H3-5
Added Net: Name=NetATMega2560_95
Added Pin To Net: NetName=NetATMega2560_96 Pin=ATMega2560-96
Added Pin To Net: NetName=NetATMega2560_96 Pin=H3-3
Added Net: Name=NetATMega2560_96
Added Pin To Net: NetName=NetATMega2560_97 Pin=ATMega2560-97
Added Pin To Net: NetName=NetATMega2560_97 Pin=H3-1
Added Net: Name=NetATMega2560_97
Added Pin To Net: NetName=NetATMega2560_98 Pin=ATMega2560-98
Added Pin To Net: NetName=NetATMega2560_98 Pin=H4-13
Added Net: Name=NetATMega2560_98
Added Pin To Net: NetName=NetATMega2560_100 Pin=ATMega2560-100
Added Pin To Net: NetName=NetATMega2560_100 Pin=H4-15
Added Net: Name=NetATMega2560_100
Added Class: Name=atmega2560_sch
Added Rule: Name=Schematic Supply Nets
